TN:
SF:/Users/andre/emma/emma-app/src/app.controller.ts
FN:6,(anonymous_2)
FNF:1
FNH:1
FNDA:1,(anonymous_2)
DA:1,1
DA:2,1
DA:5,1
DA:6,1
LF:4
LH:4
BRF:0
BRH:0
end_of_record
TN:
SF:/Users/andre/emma/emma-app/src/app.service.ts
FNF:0
FNH:0
DA:1,1
DA:4,1
LF:2
LH:2
BRF:0
BRH:0
end_of_record
TN:
SF:/Users/andre/emma/emma-app/src/config/configuration.ts
FN:1,(anonymous_0)
FNF:1
FNH:1
FNDA:1,(anonymous_0)
DA:1,1
LF:1
LH:1
BRDA:3,0,0,1
BRDA:3,0,1,1
BRDA:4,1,0,1
BRDA:4,1,1,1
BRDA:5,2,0,1
BRDA:5,2,1,1
BRDA:6,3,0,1
BRDA:6,3,1,1
BRDA:7,4,0,1
BRDA:7,4,1,1
BRF:10
BRH:10
end_of_record
TN:
SF:/Users/andre/emma/emma-app/src/database/database.module.ts
FNF:0
FNH:0
DA:1,1
DA:2,1
DA:3,1
DA:10,1
LF:4
LH:4
BRF:0
BRH:0
end_of_record
TN:
SF:/Users/andre/emma/emma-app/src/database/database.provider.ts
FN:14,(anonymous_0)
FNF:1
FNH:1
FNDA:1,(anonymous_0)
DA:1,1
DA:2,1
DA:3,1
DA:4,1
DA:5,1
DA:8,1
DA:15,1
DA:16,1
DA:24,1
DA:25,1
DA:26,1
LF:11
LH:11
BRF:0
BRH:0
end_of_record
TN:
SF:/Users/andre/emma/emma-app/src/history/history.controller.ts
FN:12,(anonymous_4)
FN:22,(anonymous_5)
FNF:2
FNH:2
FNDA:2,(anonymous_4)
FNDA:1,(anonymous_5)
DA:1,1
DA:2,1
DA:3,1
DA:4,1
DA:5,1
DA:10,1
DA:12,2
DA:22,1
DA:23,1
DA:24,1
DA:26,0
DA:27,0
LF:12
LH:10
BRF:0
BRH:0
end_of_record
TN:
SF:/Users/andre/emma/emma-app/src/history/history.service.ts
FN:11,(anonymous_1)
FNF:1
FNH:1
FNDA:1,(anonymous_1)
DA:1,2
DA:3,2
DA:4,2
DA:5,2
DA:9,2
DA:12,1
LF:6
LH:6
BRF:0
BRH:0
end_of_record
TN:
SF:/Users/andre/emma/emma-app/src/history/dto/GetHistory.dto.ts
FN:18,(anonymous_2)
FN:25,(anonymous_3)
FNF:2
FNH:0
FNDA:0,(anonymous_2)
FNDA:0,(anonymous_3)
DA:1,1
DA:2,1
DA:3,1
DA:4,1
DA:7,1
DA:12,1
DA:18,0
DA:19,1
DA:25,0
DA:26,1
LF:10
LH:8
BRF:0
BRH:0
end_of_record
TN:
SF:/Users/andre/emma/emma-app/src/model/Merchant.entity.ts
FN:28,(anonymous_2)
FNF:1
FNH:1
FNDA:2,(anonymous_2)
DA:1,2
DA:2,2
DA:3,2
DA:4,2
DA:7,2
DA:16,2
DA:21,2
DA:26,2
DA:28,2
DA:29,2
LF:10
LH:10
BRF:0
BRH:0
end_of_record
TN:
SF:/Users/andre/emma/emma-app/src/model/Transaction.entity.ts
FN:26,(anonymous_2)
FN:32,(anonymous_3)
FN:40,(anonymous_4)
FN:48,(anonymous_5)
FNF:4
FNH:4
FNDA:6,(anonymous_2)
FNDA:3,(anonymous_3)
FNDA:2,(anonymous_4)
FNDA:3,(anonymous_5)
DA:1,2
DA:2,2
DA:3,2
DA:4,2
DA:5,2
DA:9,2
DA:16,2
DA:23,2
DA:26,6
DA:30,2
DA:32,3
DA:33,2
DA:40,2
DA:44,2
DA:48,3
DA:49,2
LF:16
LH:16
BRF:0
BRH:0
end_of_record
TN:
SF:/Users/andre/emma/emma-app/src/model/User.entity.ts
FN:23,(anonymous_2)
FNF:1
FNH:1
FNDA:2,(anonymous_2)
DA:1,2
DA:2,2
DA:3,2
DA:4,2
DA:7,2
DA:14,2
DA:21,2
DA:23,2
DA:24,2
LF:9
LH:9
BRF:0
BRH:0
end_of_record
TN:
SF:/Users/andre/emma/emma-app/src/model/base.entity.ts
FNF:0
FNH:0
DA:1,2
DA:9,2
DA:12,2
DA:21,2
DA:27,2
DA:33,2
LF:6
LH:6
BRF:0
BRH:0
end_of_record
